<?xml version="1.0" encoding="UTF-8"?>
<testsuite name="com.cg.TestControllerServlet" tests="1" skipped="0" failures="0" errors="0" timestamp="2016-11-30T06:21:20" hostname="LIN51004648" time="0.178">
  <properties/>
  <testcase name="testProcessRequest" classname="com.cg.TestControllerServlet" time="0.178"/>
  <system-out><![CDATA[class com.cg.dao.CarDAO$$EnhancerByMockitoWithCGLIB$$c9521bc5
viewCarList: page set for destination
/carList.jsp
]]></system-out>
  <system-err><![CDATA[]]></system-err>
</testsuite>
